# JRE version: OpenJDK Runtime Environment (8.0_152-b01) (build 1.8.0_152-release-915-b01)
# Java VM: OpenJDK 64-Bit Server VM (25.152-b01 mixed mode windows-amd64 compressed oops)
Heap:
 PSYoungGen      total 230400K, used 182340K [0x00000000e0000000, 0x00000000f4900000, 0x0000000100000000)
  eden space 200704K, 76% used [0x00000000e0000000,0x00000000e9511c40,0x00000000ec400000)
  from space 29696K, 99% used [0x00000000ec400000,0x00000000ee0ff728,0x00000000ee100000)
  to   space 40960K, 0% used [0x00000000f2100000,0x00000000f2100000,0x00000000f4900000)
 ParOldGen       total 134144K, used 58699K [0x00000000a0000000, 0x00000000a8300000, 0x00000000e0000000)
  object space 134144K, 43% used [0x00000000a0000000,0x00000000a3952da0,0x00000000a8300000)
 Metaspace       used 71394K, capacity 74676K, committed 74840K, reserved 1114112K
  class space    used 9370K, capacity 10253K, committed 10368K, reserved 1048576K
GC Heap History (10 events):
Event: 44.005 GC heap before
{Heap before GC invocations=16 (full 2):
 PSYoungGen      total 124928K, used 29632K [0x00000000e0000000, 0x00000000eb580000, 0x0000000100000000)
  eden space 108032K, 11% used [0x00000000e0000000,0x00000000e0c74ea8,0x00000000e6980000)
  from space 16896K, 99% used [0x00000000e6980000,0x00000000e79fb4f0,0x00000000e7a00000)
  to   space 22016K, 0% used [0x00000000ea000000,0x00000000ea000000,0x00000000eb580000)
 ParOldGen       total 99328K, used 24908K [0x00000000a0000000, 0x00000000a6100000, 0x00000000e0000000)
  object space 99328K, 25% used [0x00000000a0000000,0x00000000a1853390,0x00000000a6100000)
 Metaspace       used 56958K, capacity 58846K, committed 59028K, reserved 1099776K
  class space    used 7664K, capacity 8176K, committed 8192K, reserved 1048576K
Event: 44.127 GC heap after
Heap after GC invocations=16 (full 2):
 PSYoungGen      total 162304K, used 17745K [0x00000000e0000000, 0x00000000ece00000, 0x0000000100000000)
  eden space 140288K, 0% used [0x00000000e0000000,0x00000000e0000000,0x00000000e8900000)
  from space 22016K, 80% used [0x00000000ea000000,0x00000000eb1547b0,0x00000000eb580000)
  to   space 23552K, 0% used [0x00000000e8900000,0x00000000e8900000,0x00000000ea000000)
 ParOldGen       total 99328K, used 24916K [0x00000000a0000000, 0x00000000a6100000, 0x00000000e0000000)
  object space 99328K, 25% used [0x00000000a0000000,0x00000000a1855390,0x00000000a6100000)
 Metaspace       used 56958K, capacity 58846K, committed 59028K, reserved 1099776K
  class space    used 7664K, capacity 8176K, committed 8192K, reserved 1048576K
}
Event: 44.127 GC heap before
{Heap before GC invocations=17 (full 3):
 PSYoungGen      total 162304K, used 17745K [0x00000000e0000000, 0x00000000ece00000, 0x0000000100000000)
  eden space 140288K, 0% used [0x00000000e0000000,0x00000000e0000000,0x00000000e8900000)
  from space 22016K, 80% used [0x00000000ea000000,0x00000000eb1547b0,0x00000000eb580000)
  to   space 23552K, 0% used [0x00000000e8900000,0x00000000e8900000,0x00000000ea000000)
 ParOldGen       total 99328K, used 24916K [0x00000000a0000000, 0x00000000a6100000, 0x00000000e0000000)
  object space 99328K, 25% used [0x00000000a0000000,0x00000000a1855390,0x00000000a6100000)
 Metaspace       used 56958K, capacity 58846K, committed 59028K, reserved 1099776K
  class space    used 7664K, capacity 8176K, committed 8192K, reserved 1048576K
Event: 44.758 GC heap after
Heap after GC invocations=17 (full 3):
 PSYoungGen      total 162304K, used 0K [0x00000000e0000000, 0x00000000ece00000, 0x0000000100000000)
  eden space 140288K, 0% used [0x00000000e0000000,0x00000000e0000000,0x00000000e8900000)
  from space 22016K, 0% used [0x00000000ea000000,0x00000000ea000000,0x00000000eb580000)
  to   space 23552K, 0% used [0x00000000e8900000,0x00000000e8900000,0x00000000ea000000)
 ParOldGen       total 134144K, used 37727K [0x00000000a0000000, 0x00000000a8300000, 0x00000000e0000000)
  object space 134144K, 28% used [0x00000000a0000000,0x00000000a24d7f88,0x00000000a8300000)
 Metaspace       used 56912K, capacity 58792K, committed 59028K, reserved 1099776K
  class space    used 7649K, capacity 8158K, committed 8192K, reserved 1048576K
}
Event: 48.784 GC heap before
{Heap before GC invocations=18 (full 3):
 PSYoungGen      total 162304K, used 140288K [0x00000000e0000000, 0x00000000ece00000, 0x0000000100000000)
  eden space 140288K, 100% used [0x00000000e0000000,0x00000000e8900000,0x00000000e8900000)
  from space 22016K, 0% used [0x00000000ea000000,0x00000000ea000000,0x00000000eb580000)
  to   space 23552K, 0% used [0x00000000e8900000,0x00000000e8900000,0x00000000ea000000)
 ParOldGen       total 134144K, used 37727K [0x00000000a0000000, 0x00000000a8300000, 0x00000000e0000000)
  object space 134144K, 28% used [0x00000000a0000000,0x00000000a24d7f88,0x00000000a8300000)
 Metaspace       used 59901K, capacity 62416K, committed 62680K, reserved 1103872K
  class space    used 8164K, capacity 8925K, committed 8960K, reserved 1048576K
Event: 48.820 GC heap after
Heap after GC invocations=18 (full 3):
 PSYoungGen      total 163840K, used 18137K [0x00000000e0000000, 0x00000000ef980000, 0x0000000100000000)
  eden space 140288K, 0% used [0x00000000e0000000,0x00000000e0000000,0x00000000e8900000)
  from space 23552K, 77% used [0x00000000e8900000,0x00000000e9ab66d8,0x00000000ea000000)
  to   space 25088K, 0% used [0x00000000ee100000,0x00000000ee100000,0x00000000ef980000)
 ParOldGen       total 134144K, used 37735K [0x00000000a0000000, 0x00000000a8300000, 0x00000000e0000000)
  object space 134144K, 28% used [0x00000000a0000000,0x00000000a24d9f88,0x00000000a8300000)
 Metaspace       used 59901K, capacity 62416K, committed 62680K, reserved 1103872K
  class space    used 8164K, capacity 8925K, committed 8960K, reserved 1048576K
}
Event: 60.456 GC heap before
{Heap before GC invocations=19 (full 3):
 PSYoungGen      total 163840K, used 158425K [0x00000000e0000000, 0x00000000ef980000, 0x0000000100000000)
  eden space 140288K, 100% used [0x00000000e0000000,0x00000000e8900000,0x00000000e8900000)
  from space 23552K, 77% used [0x00000000e8900000,0x00000000e9ab66d8,0x00000000ea000000)
  to   space 25088K, 0% used [0x00000000ee100000,0x00000000ee100000,0x00000000ef980000)
 ParOldGen       total 134144K, used 37735K [0x00000000a0000000, 0x00000000a8300000, 0x00000000e0000000)
  object space 134144K, 28% used [0x00000000a0000000,0x00000000a24d9f88,0x00000000a8300000)
 Metaspace       used 66953K, capacity 70092K, committed 70104K, reserved 1110016K
  class space    used 8874K, capacity 9723K, committed 9728K, reserved 1048576K
Event: 60.522 GC heap after
Heap after GC invocations=19 (full 3):
 PSYoungGen      total 225792K, used 25074K [0x00000000e0000000, 0x00000000efe80000, 0x0000000100000000)
  eden space 200704K, 0% used [0x00000000e0000000,0x00000000e0000000,0x00000000ec400000)
  from space 25088K, 99% used [0x00000000ee100000,0x00000000ef97c8c8,0x00000000ef980000)
  to   space 29696K, 0% used [0x00000000ec400000,0x00000000ec400000,0x00000000ee100000)
 ParOldGen       total 134144K, used 40300K [0x00000000a0000000, 0x00000000a8300000, 0x00000000e0000000)
  object space 134144K, 30% used [0x00000000a0000000,0x00000000a275b3d8,0x00000000a8300000)
 Metaspace       used 66953K, capacity 70092K, committed 70104K, reserved 1110016K
  class space    used 8874K, capacity 9723K, committed 9728K, reserved 1048576K
}
Event: 72.828 GC heap before
{Heap before GC invocations=20 (full 3):
 PSYoungGen      total 225792K, used 225778K [0x00000000e0000000, 0x00000000efe80000, 0x0000000100000000)
  eden space 200704K, 100% used [0x00000000e0000000,0x00000000ec400000,0x00000000ec400000)
  from space 25088K, 99% used [0x00000000ee100000,0x00000000ef97c8c8,0x00000000ef980000)
  to   space 29696K, 0% used [0x00000000ec400000,0x00000000ec400000,0x00000000ee100000)
 ParOldGen       total 134144K, used 40300K [0x00000000a0000000, 0x00000000a8300000, 0x00000000e0000000)
  object space 134144K, 30% used [0x00000000a0000000,0x00000000a275b3d8,0x00000000a8300000)
 Metaspace       used 69514K, capacity 72682K, committed 73048K, reserved 1112064K
  class space    used 9165K, capacity 10018K, committed 10112K, reserved 1048576K
Event: 72.958 GC heap after
Heap after GC invocations=20 (full 3):
 PSYoungGen      total 230400K, used 29693K [0x00000000e0000000, 0x00000000f4900000, 0x0000000100000000)
  eden space 200704K, 0% used [0x00000000e0000000,0x00000000e0000000,0x00000000ec400000)
  from space 29696K, 99% used [0x00000000ec400000,0x00000000ee0ff728,0x00000000ee100000)
  to   space 40960K, 0% used [0x00000000f2100000,0x00000000f2100000,0x00000000f4900000)
 ParOldGen       total 134144K, used 58699K [0x00000000a0000000, 0x00000000a8300000, 0x00000000e0000000)
  object space 134144K, 43% used [0x00000000a0000000,0x00000000a3952da0,0x00000000a8300000)
 Metaspace       used 69514K, capacity 72682K, committed 73048K, reserved 1112064K
  class space    used 9165K, capacity 10018K, committed 10112K, reserved 1048576K
}

