# JRE version: OpenJDK Runtime Environment (8.0_152-b01) (build 1.8.0_152-release-915-b01)
# Java VM: OpenJDK 64-Bit Server VM (25.152-b01 mixed mode windows-amd64 compressed oops)
Heap:
 PSYoungGen      total 359424K, used 152771K [0x00000000e0000000, 0x00000000fc980000, 0x0000000100000000)
  eden space 288256K, 36% used [0x00000000e0000000,0x00000000e65ec2f0,0x00000000f1980000)
  from space 71168K, 68% used [0x00000000f1980000,0x00000000f48c49c0,0x00000000f5f00000)
  to   space 74240K, 0% used [0x00000000f8100000,0x00000000f8100000,0x00000000fc980000)
 ParOldGen       total 168448K, used 124653K [0x00000000a0000000, 0x00000000aa480000, 0x00000000e0000000)
  object space 168448K, 74% used [0x00000000a0000000,0x00000000a79bb580,0x00000000aa480000)
 Metaspace       used 78995K, capacity 83539K, committed 83672K, reserved 1122304K
  class space    used 10172K, capacity 11363K, committed 11480K, reserved 1048576K
GC Heap History (10 events):
Event: 72.187 GC heap before
{Heap before GC invocations=26 (full 3):
 PSYoungGen      total 275456K, used 257847K [0x00000000e0000000, 0x00000000f5c00000, 0x0000000100000000)
  eden space 209920K, 100% used [0x00000000e0000000,0x00000000ecd00000,0x00000000ecd00000)
  from space 65536K, 73% used [0x00000000f1280000,0x00000000f414def0,0x00000000f5280000)
  to   space 71168K, 0% used [0x00000000ecd00000,0x00000000ecd00000,0x00000000f1280000)
 ParOldGen       total 168448K, used 121559K [0x00000000a0000000, 0x00000000aa480000, 0x00000000e0000000)
  object space 168448K, 72% used [0x00000000a0000000,0x00000000a76b5f40,0x00000000aa480000)
 Metaspace       used 63312K, capacity 65691K, committed 66008K, reserved 1105920K
  class space    used 8271K, capacity 8833K, committed 8920K, reserved 1048576K
Event: 72.268 GC heap after
Heap after GC invocations=26 (full 3):
 PSYoungGen      total 281088K, used 56548K [0x00000000e0000000, 0x00000000f9700000, 0x0000000100000000)
  eden space 209920K, 0% used [0x00000000e0000000,0x00000000e0000000,0x00000000ecd00000)
  from space 71168K, 79% used [0x00000000ecd00000,0x00000000f04392f8,0x00000000f1280000)
  to   space 78336K, 0% used [0x00000000f4a80000,0x00000000f4a80000,0x00000000f9700000)
 ParOldGen       total 168448K, used 121567K [0x00000000a0000000, 0x00000000aa480000, 0x00000000e0000000)
  object space 168448K, 72% used [0x00000000a0000000,0x00000000a76b7f40,0x00000000aa480000)
 Metaspace       used 63312K, capacity 65691K, committed 66008K, reserved 1105920K
  class space    used 8271K, capacity 8833K, committed 8920K, reserved 1048576K
}
Event: 82.800 GC heap before
{Heap before GC invocations=27 (full 3):
 PSYoungGen      total 281088K, used 266468K [0x00000000e0000000, 0x00000000f9700000, 0x0000000100000000)
  eden space 209920K, 100% used [0x00000000e0000000,0x00000000ecd00000,0x00000000ecd00000)
  from space 71168K, 79% used [0x00000000ecd00000,0x00000000f04392f8,0x00000000f1280000)
  to   space 78336K, 0% used [0x00000000f4a80000,0x00000000f4a80000,0x00000000f9700000)
 ParOldGen       total 168448K, used 121567K [0x00000000a0000000, 0x00000000aa480000, 0x00000000e0000000)
  object space 168448K, 72% used [0x00000000a0000000,0x00000000a76b7f40,0x00000000aa480000)
 Metaspace       used 63846K, capacity 66173K, committed 66264K, reserved 1105920K
  class space    used 8342K, capacity 8878K, committed 8920K, reserved 1048576K
Event: 82.840 GC heap after
Heap after GC invocations=27 (full 3):
 PSYoungGen      total 325120K, used 36123K [0x00000000e0000000, 0x00000000f8f00000, 0x0000000100000000)
  eden space 254976K, 0% used [0x00000000e0000000,0x00000000e0000000,0x00000000ef900000)
  from space 70144K, 51% used [0x00000000f4a80000,0x00000000f6dc6ef8,0x00000000f8f00000)
  to   space 76800K, 0% used [0x00000000ef900000,0x00000000ef900000,0x00000000f4400000)
 ParOldGen       total 168448K, used 121759K [0x00000000a0000000, 0x00000000aa480000, 0x00000000e0000000)
  object space 168448K, 72% used [0x00000000a0000000,0x00000000a76e7f50,0x00000000aa480000)
 Metaspace       used 63846K, capacity 66173K, committed 66264K, reserved 1105920K
  class space    used 8342K, capacity 8878K, committed 8920K, reserved 1048576K
}
Event: 85.759 GC heap before
{Heap before GC invocations=28 (full 3):
 PSYoungGen      total 325120K, used 290248K [0x00000000e0000000, 0x00000000f8f00000, 0x0000000100000000)
  eden space 254976K, 99% used [0x00000000e0000000,0x00000000ef82b120,0x00000000ef900000)
  from space 70144K, 51% used [0x00000000f4a80000,0x00000000f6dc6ef8,0x00000000f8f00000)
  to   space 76800K, 0% used [0x00000000ef900000,0x00000000ef900000,0x00000000f4400000)
 ParOldGen       total 168448K, used 121759K [0x00000000a0000000, 0x00000000aa480000, 0x00000000e0000000)
  object space 168448K, 72% used [0x00000000a0000000,0x00000000a76e7f50,0x00000000aa480000)
 Metaspace       used 63980K, capacity 66385K, committed 66520K, reserved 1107968K
  class space    used 8343K, capacity 8880K, committed 8920K, reserved 1048576K
Event: 85.801 GC heap after
Heap after GC invocations=28 (full 3):
 PSYoungGen      total 331776K, used 28444K [0x00000000e0000000, 0x00000000fac00000, 0x0000000100000000)
  eden space 254976K, 0% used [0x00000000e0000000,0x00000000e0000000,0x00000000ef900000)
  from space 76800K, 37% used [0x00000000ef900000,0x00000000f14c7370,0x00000000f4400000)
  to   space 72192K, 0% used [0x00000000f6580000,0x00000000f6580000,0x00000000fac00000)
 ParOldGen       total 168448K, used 123216K [0x00000000a0000000, 0x00000000aa480000, 0x00000000e0000000)
  object space 168448K, 73% used [0x00000000a0000000,0x00000000a7854110,0x00000000aa480000)
 Metaspace       used 63980K, capacity 66385K, committed 66520K, reserved 1107968K
  class space    used 8343K, capacity 8880K, committed 8920K, reserved 1048576K
}
Event: 281.600 GC heap before
{Heap before GC invocations=29 (full 3):
 PSYoungGen      total 331776K, used 283420K [0x00000000e0000000, 0x00000000fac00000, 0x0000000100000000)
  eden space 254976K, 100% used [0x00000000e0000000,0x00000000ef900000,0x00000000ef900000)
  from space 76800K, 37% used [0x00000000ef900000,0x00000000f14c7370,0x00000000f4400000)
  to   space 72192K, 0% used [0x00000000f6580000,0x00000000f6580000,0x00000000fac00000)
 ParOldGen       total 168448K, used 123216K [0x00000000a0000000, 0x00000000aa480000, 0x00000000e0000000)
  object space 168448K, 73% used [0x00000000a0000000,0x00000000a7854110,0x00000000aa480000)
 Metaspace       used 72730K, capacity 76049K, committed 76248K, reserved 1116160K
  class space    used 9323K, capacity 10138K, committed 10200K, reserved 1048576K
Event: 281.650 GC heap after
Heap after GC invocations=29 (full 3):
 PSYoungGen      total 352768K, used 36880K [0x00000000e0000000, 0x00000000fa480000, 0x0000000100000000)
  eden space 288256K, 0% used [0x00000000e0000000,0x00000000e0000000,0x00000000f1980000)
  from space 64512K, 57% used [0x00000000f6580000,0x00000000f89843f0,0x00000000fa480000)
  to   space 71168K, 0% used [0x00000000f1980000,0x00000000f1980000,0x00000000f5f00000)
 ParOldGen       total 168448K, used 124645K [0x00000000a0000000, 0x00000000aa480000, 0x00000000e0000000)
  object space 168448K, 73% used [0x00000000a0000000,0x00000000a79b9580,0x00000000aa480000)
 Metaspace       used 72730K, capacity 76049K, committed 76248K, reserved 1116160K
  class space    used 9323K, capacity 10138K, committed 10200K, reserved 1048576K
}
Event: 683.505 GC heap before
{Heap before GC invocations=30 (full 3):
 PSYoungGen      total 352768K, used 325136K [0x00000000e0000000, 0x00000000fa480000, 0x0000000100000000)
  eden space 288256K, 100% used [0x00000000e0000000,0x00000000f1980000,0x00000000f1980000)
  from space 64512K, 57% used [0x00000000f6580000,0x00000000f89843f0,0x00000000fa480000)
  to   space 71168K, 0% used [0x00000000f1980000,0x00000000f1980000,0x00000000f5f00000)
 ParOldGen       total 168448K, used 124645K [0x00000000a0000000, 0x00000000aa480000, 0x00000000e0000000)
  object space 168448K, 73% used [0x00000000a0000000,0x00000000a79b9580,0x00000000aa480000)
 Metaspace       used 75793K, capacity 79949K, committed 80216K, reserved 1118208K
  class space    used 9785K, capacity 10822K, committed 10840K, reserved 1048576K
Event: 683.574 GC heap after
Heap after GC invocations=30 (full 3):
 PSYoungGen      total 359424K, used 48402K [0x00000000e0000000, 0x00000000fc980000, 0x0000000100000000)
  eden space 288256K, 0% used [0x00000000e0000000,0x00000000e0000000,0x00000000f1980000)
  from space 71168K, 68% used [0x00000000f1980000,0x00000000f48c49c0,0x00000000f5f00000)
  to   space 74240K, 0% used [0x00000000f8100000,0x00000000f8100000,0x00000000fc980000)
 ParOldGen       total 168448K, used 124653K [0x00000000a0000000, 0x00000000aa480000, 0x00000000e0000000)
  object space 168448K, 74% used [0x00000000a0000000,0x00000000a79bb580,0x00000000aa480000)
 Metaspace       used 75793K, capacity 79949K, committed 80216K, reserved 1118208K
  class space    used 9785K, capacity 10822K, committed 10840K, reserved 1048576K
}

